0 info it worked if it ends with ok
1 verbose cli [ 'C:\\Program Files\\nodejs\\node.exe',
1 verbose cli   'C:\\Program Files\\nodejs\\node_modules\\npm\\bin\\npm-cli.js',
1 verbose cli   'run',
1 verbose cli   'test' ]
2 info using npm@3.10.10
3 info using node@v6.9.5
4 verbose run-script [ 'pretest', 'test', 'posttest' ]
5 info lifecycle @kraihn/generator-dotnet@0.1.1~pretest: @kraihn/generator-dotnet@0.1.1
6 verbose lifecycle @kraihn/generator-dotnet@0.1.1~pretest: unsafe-perm in lifecycle true
7 verbose lifecycle @kraihn/generator-dotnet@0.1.1~pretest: PATH: C:\Users\dicksonj\AppData\Roaming\nvm\v6.9.5\node_modules\npm\bin\node-gyp-bin;C:\Code\generator-dotnet\node_modules\.bin;C:\Program Files\Docker\Docker\Resources\bin;C:\ProgramData\Oracle\Java\javapath;C:\Program Files (x86)\Intel\iCLS Client\;C:\Program Files\Intel\iCLS Client\;C:\WINDOWS\system32;C:\WINDOWS;C:\WINDOWS\System32\Wbem;C:\WINDOWS\System32\WindowsPowerShell\v1.0\;C:\Program Files (x86)\Intel\Intel(R) Management Engine Components\DAL;C:\Program Files\Intel\Intel(R) Management Engine Components\DAL;C:\Program Files (x86)\Intel\Intel(R) Management Engine Components\IPT;C:\Program Files\Intel\Intel(R) Management Engine Components\IPT;C:\Program Files\Microsoft SQL Server\130\Tools\Binn\;C:\ProgramData\chocolatey\bin;C:\Users\dicksonj\AppData\Roaming\nvm;C:\Program Files\nodejs;C:\Program Files\nodejs;C:\Program Files (x86)\PuTTY\;C:\Program Files (x86)\Microsoft SQL Server\Client SDK\ODBC\130\Tools\Binn\;C:\Program Files (x86)\Microsoft SQL Server\130\Tools\Binn\;C:\Program Files (x86)\Microsoft SQL Server\130\DTS\Binn\;C:\Program Files (x86)\Microsoft SQL Server\130\Tools\Binn\ManagementStudio\;C:\Python27\;C:\Program Files\Intel\WiFi\bin\;C:\Program Files\Common Files\Intel\WirelessCommon\;C:\Program Files\Microsoft\Web Platform Installer\;C:\Program Files\Git\cmd;C:\Go\bin;C:\Program Files\dotnet\;C:\Program Files (x86)\Windows Kits\10\Windows Performance Toolkit\;C:\Program Files\Microsoft DNX\Dnvm\;C:\Users\dicksonj\AppData\Local\Microsoft\WindowsApps;C:\Program Files (x86)\Microsoft VS Code\bin;C:\Users\dicksonj\AppData\Roaming\nvm;C:\Program Files\nodejs;C:\Program Files\Docker Toolbox;C:\Python27\Scripts;C:\Go\bin;C:\Code\golang\bin;C:\Users\dicksonj\AppData\Local\Android\sdk\platform-tools;C:\Program Files (x86)\Rico Suter\NSwagStudio\;C:\Users\dicksonj\.bin;;C:\Program Files (x86)\Git\bin;C:\Program Files (x86)\Microsoft Visual Studio 14.0\Common7\Tools
8 verbose lifecycle @kraihn/generator-dotnet@0.1.1~pretest: CWD: C:\Code\generator-dotnet
9 silly lifecycle @kraihn/generator-dotnet@0.1.1~pretest: Args: [ '/d /s /c', 'eslint . --fix' ]
10 silly lifecycle @kraihn/generator-dotnet@0.1.1~pretest: Returned: code: 1  signal: null
11 info lifecycle @kraihn/generator-dotnet@0.1.1~pretest: Failed to exec pretest script
12 verbose stack Error: @kraihn/generator-dotnet@0.1.1 pretest: `eslint . --fix`
12 verbose stack Exit status 1
12 verbose stack     at EventEmitter.<anonymous> (C:\Users\dicksonj\AppData\Roaming\nvm\v6.9.5\node_modules\npm\lib\utils\lifecycle.js:255:16)
12 verbose stack     at emitTwo (events.js:106:13)
12 verbose stack     at EventEmitter.emit (events.js:191:7)
12 verbose stack     at ChildProcess.<anonymous> (C:\Users\dicksonj\AppData\Roaming\nvm\v6.9.5\node_modules\npm\lib\utils\spawn.js:40:14)
12 verbose stack     at emitTwo (events.js:106:13)
12 verbose stack     at ChildProcess.emit (events.js:191:7)
12 verbose stack     at maybeClose (internal/child_process.js:877:16)
12 verbose stack     at Process.ChildProcess._handle.onexit (internal/child_process.js:226:5)
13 verbose pkgid @kraihn/generator-dotnet@0.1.1
14 verbose cwd C:\Code\generator-dotnet
15 error Windows_NT 10.0.15063
16 error argv "C:\\Program Files\\nodejs\\node.exe" "C:\\Program Files\\nodejs\\node_modules\\npm\\bin\\npm-cli.js" "run" "test"
17 error node v6.9.5
18 error npm  v3.10.10
19 error code ELIFECYCLE
20 error @kraihn/generator-dotnet@0.1.1 pretest: `eslint . --fix`
20 error Exit status 1
21 error Failed at the @kraihn/generator-dotnet@0.1.1 pretest script 'eslint . --fix'.
21 error Make sure you have the latest version of node.js and npm installed.
21 error If you do, this is most likely a problem with the @kraihn/generator-dotnet package,
21 error not with npm itself.
21 error Tell the author that this fails on your system:
21 error     eslint . --fix
21 error You can get information on how to open an issue for this project with:
21 error     npm bugs @kraihn/generator-dotnet
21 error Or if that isn't available, you can get their info via:
21 error     npm owner ls @kraihn/generator-dotnet
21 error There is likely additional logging output above.
22 verbose exit [ 1, true ]
